0 info it worked if it ends with ok
1 verbose cli [ '/usr/bin/node', '/usr/bin/npm', 'install' ]
2 info using npm@3.5.2
3 info using node@v8.10.0
4 silly loadCurrentTree Starting
5 silly install loadCurrentTree
6 silly install readLocalPackageData
7 silly install normalizeTree
8 silly loadCurrentTree Finishing
9 silly loadIdealTree Starting
10 silly install loadIdealTree
11 silly cloneCurrentTree Starting
12 silly install cloneCurrentTreeToIdealTree
13 silly cloneCurrentTree Finishing
14 silly loadShrinkwrap Starting
15 silly install loadShrinkwrap
16 silly loadShrinkwrap Finishing
17 silly loadAllDepsIntoIdealTree Starting
18 silly install loadAllDepsIntoIdealTree
19 silly fetchNamedPackageData @babel/runtime
20 silly mapToRegistry name @babel/runtime
21 silly mapToRegistry scope (from package name) @babel
22 verbose mapToRegistry no registry URL found in name for scope @babel
23 silly mapToRegistry using default registry
24 silly mapToRegistry registry https://registry.npmjs.org/
25 silly mapToRegistry uri https://registry.npmjs.org/@babel%2fruntime
26 silly fetchNamedPackageData aphrodite
27 silly mapToRegistry name aphrodite
28 silly mapToRegistry using default registry
29 silly mapToRegistry registry https://registry.npmjs.org/
30 silly mapToRegistry uri https://registry.npmjs.org/aphrodite
31 silly fetchNamedPackageData fetch-mock
32 silly mapToRegistry name fetch-mock
33 silly mapToRegistry using default registry
34 silly mapToRegistry registry https://registry.npmjs.org/
35 silly mapToRegistry uri https://registry.npmjs.org/fetch-mock
36 silly fetchNamedPackageData inline-source-map
37 silly mapToRegistry name inline-source-map
38 silly mapToRegistry using default registry
39 silly mapToRegistry registry https://registry.npmjs.org/
40 silly mapToRegistry uri https://registry.npmjs.org/inline-source-map
41 silly fetchNamedPackageData node-fetch
42 silly mapToRegistry name node-fetch
43 silly mapToRegistry using default registry
44 silly mapToRegistry registry https://registry.npmjs.org/
45 silly mapToRegistry uri https://registry.npmjs.org/node-fetch
46 silly fetchNamedPackageData normalizr
47 silly mapToRegistry name normalizr
48 silly mapToRegistry using default registry
49 silly mapToRegistry registry https://registry.npmjs.org/
50 silly mapToRegistry uri https://registry.npmjs.org/normalizr
51 silly fetchNamedPackageData prop-types
52 silly mapToRegistry name prop-types
53 silly mapToRegistry using default registry
54 silly mapToRegistry registry https://registry.npmjs.org/
55 silly mapToRegistry uri https://registry.npmjs.org/prop-types
56 silly fetchNamedPackageData react
57 silly mapToRegistry name react
58 silly mapToRegistry using default registry
59 silly mapToRegistry registry https://registry.npmjs.org/
60 silly mapToRegistry uri https://registry.npmjs.org/react
61 silly fetchNamedPackageData react-dom
62 silly mapToRegistry name react-dom
63 silly mapToRegistry using default registry
64 silly mapToRegistry registry https://registry.npmjs.org/
65 silly mapToRegistry uri https://registry.npmjs.org/react-dom
66 silly fetchNamedPackageData redux
67 silly mapToRegistry name redux
68 silly mapToRegistry using default registry
69 silly mapToRegistry registry https://registry.npmjs.org/
70 silly mapToRegistry uri https://registry.npmjs.org/redux
71 silly fetchNamedPackageData redux-mock-store
72 silly mapToRegistry name redux-mock-store
73 silly mapToRegistry using default registry
74 silly mapToRegistry registry https://registry.npmjs.org/
75 silly mapToRegistry uri https://registry.npmjs.org/redux-mock-store
76 silly fetchNamedPackageData redux-thunk
77 silly mapToRegistry name redux-thunk
78 silly mapToRegistry using default registry
79 silly mapToRegistry registry https://registry.npmjs.org/
80 silly mapToRegistry uri https://registry.npmjs.org/redux-thunk
81 verbose request uri https://registry.npmjs.org/@babel%2fruntime
82 verbose request no auth needed
83 info attempt registry request try #1 at 4:05:42 AM
84 verbose request id 39942d68ad1035a4
85 http request GET https://registry.npmjs.org/@babel%2fruntime
86 verbose request uri https://registry.npmjs.org/aphrodite
87 verbose request no auth needed
88 info attempt registry request try #1 at 4:05:43 AM
89 http request GET https://registry.npmjs.org/aphrodite
90 verbose request uri https://registry.npmjs.org/fetch-mock
91 verbose request no auth needed
92 info attempt registry request try #1 at 4:05:43 AM
93 http request GET https://registry.npmjs.org/fetch-mock
94 verbose request uri https://registry.npmjs.org/inline-source-map
95 verbose request no auth needed
96 info attempt registry request try #1 at 4:05:43 AM
97 http request GET https://registry.npmjs.org/inline-source-map
98 verbose request uri https://registry.npmjs.org/node-fetch
99 verbose request no auth needed
100 info attempt registry request try #1 at 4:05:43 AM
101 http request GET https://registry.npmjs.org/node-fetch
102 verbose request uri https://registry.npmjs.org/normalizr
103 verbose request no auth needed
104 info attempt registry request try #1 at 4:05:43 AM
105 http request GET https://registry.npmjs.org/normalizr
106 verbose request uri https://registry.npmjs.org/prop-types
107 verbose request no auth needed
108 info attempt registry request try #1 at 4:05:43 AM
109 http request GET https://registry.npmjs.org/prop-types
110 verbose request uri https://registry.npmjs.org/react
111 verbose request no auth needed
112 info attempt registry request try #1 at 4:05:43 AM
113 http request GET https://registry.npmjs.org/react
114 verbose request uri https://registry.npmjs.org/react-dom
115 verbose request no auth needed
116 info attempt registry request try #1 at 4:05:43 AM
117 http request GET https://registry.npmjs.org/react-dom
118 verbose request uri https://registry.npmjs.org/redux
119 verbose request no auth needed
120 info attempt registry request try #1 at 4:05:43 AM
121 http request GET https://registry.npmjs.org/redux
122 verbose request uri https://registry.npmjs.org/redux-mock-store
123 verbose request no auth needed
124 info attempt registry request try #1 at 4:05:43 AM
125 http request GET https://registry.npmjs.org/redux-mock-store
126 verbose request uri https://registry.npmjs.org/redux-thunk
127 verbose request no auth needed
128 info attempt registry request try #1 at 4:05:43 AM
129 http request GET https://registry.npmjs.org/redux-thunk
130 http 200 https://registry.npmjs.org/inline-source-map
131 verbose headers { date: 'Wed, 04 Dec 2024 04:05:43 GMT',
131 verbose headers   'content-type': 'application/json',
131 verbose headers   'transfer-encoding': 'chunked',
131 verbose headers   connection: 'keep-alive',
131 verbose headers   'cf-ray': '8ec8eb7499881fce-IAD',
131 verbose headers   'cf-cache-status': 'HIT',
131 verbose headers   'access-control-allow-origin': '*',
131 verbose headers   age: '88',
131 verbose headers   'cache-control': 'public, max-age=300',
131 verbose headers   etag: 'W/"58b39f71946e202865428694622f15c2"',
131 verbose headers   'last-modified': 'Sat, 24 Feb 2024 18:05:13 GMT',
131 verbose headers   vary: 'accept-encoding, accept',
131 verbose headers   server: 'cloudflare',
131 verbose headers   'content-encoding': 'gzip' }
132 silly get cb [ 200,
132 silly get   { date: 'Wed, 04 Dec 2024 04:05:43 GMT',
132 silly get     'content-type': 'application/json',
132 silly get     'transfer-encoding': 'chunked',
132 silly get     connection: 'keep-alive',
132 silly get     'cf-ray': '8ec8eb7499881fce-IAD',
132 silly get     'cf-cache-status': 'HIT',
132 silly get     'access-control-allow-origin': '*',
132 silly get     age: '88',
132 silly get     'cache-control': 'public, max-age=300',
132 silly get     etag: 'W/"58b39f71946e202865428694622f15c2"',
132 silly get     'last-modified': 'Sat, 24 Feb 2024 18:05:13 GMT',
132 silly get     vary: 'accept-encoding, accept',
132 silly get     server: 'cloudflare',
132 silly get     'content-encoding': 'gzip' } ]
133 verbose get saving inline-source-map to /root/.npm/registry.npmjs.org/inline-source-map/.cache.json
134 verbose makeDirectory /root/.npm creation not in flight; initializing
135 http 200 https://registry.npmjs.org/prop-types
136 verbose headers { date: 'Wed, 04 Dec 2024 04:05:43 GMT',
136 verbose headers   'content-type': 'application/json',
136 verbose headers   'transfer-encoding': 'chunked',
136 verbose headers   connection: 'keep-alive',
136 verbose headers   'cf-ray': '8ec8eb749d33c94f-IAD',
136 verbose headers   'cf-cache-status': 'HIT',
136 verbose headers   'access-control-allow-origin': '*',
136 verbose headers   age: '20',
136 verbose headers   'cache-control': 'public, max-age=300',
136 verbose headers   etag: 'W/"c3ff52386230fc48a7c55549d6f89c95"',
136 verbose headers   'last-modified': 'Thu, 24 Aug 2023 18:09:33 GMT',
136 verbose headers   vary: 'accept-encoding, accept',
136 verbose headers   server: 'cloudflare',
136 verbose headers   'content-encoding': 'gzip' }
137 silly get cb [ 200,
137 silly get   { date: 'Wed, 04 Dec 2024 04:05:43 GMT',
137 silly get     'content-type': 'application/json',
137 silly get     'transfer-encoding': 'chunked',
137 silly get     connection: 'keep-alive',
137 silly get     'cf-ray': '8ec8eb749d33c94f-IAD',
137 silly get     'cf-cache-status': 'HIT',
137 silly get     'access-control-allow-origin': '*',
137 silly get     age: '20',
137 silly get     'cache-control': 'public, max-age=300',
137 silly get     etag: 'W/"c3ff52386230fc48a7c55549d6f89c95"',
137 silly get     'last-modified': 'Thu, 24 Aug 2023 18:09:33 GMT',
137 silly get     vary: 'accept-encoding, accept',
137 silly get     server: 'cloudflare',
137 silly get     'content-encoding': 'gzip' } ]
138 verbose get saving prop-types to /root/.npm/registry.npmjs.org/prop-types/.cache.json
139 silly makeDirectory /root/.npm uid: 0 gid: 0
140 http 200 https://registry.npmjs.org/redux-mock-store
141 verbose headers { date: 'Wed, 04 Dec 2024 04:05:43 GMT',
141 verbose headers   'content-type': 'application/json',
141 verbose headers   'transfer-encoding': 'chunked',
141 verbose headers   connection: 'keep-alive',
141 verbose headers   'cf-ray': '8ec8eb752d55d691-IAD',
141 verbose headers   'cf-cache-status': 'HIT',
141 verbose headers   'access-control-allow-origin': '*',
141 verbose headers   age: '69',
141 verbose headers   'cache-control': 'public, max-age=300',
141 verbose headers   etag: 'W/"19ab37ad0b48b9164bcc3ca2e33db068"',
141 verbose headers   'last-modified': 'Mon, 21 Oct 2024 11:57:50 GMT',
141 verbose headers   vary: 'accept-encoding, accept',
141 verbose headers   server: 'cloudflare',
141 verbose headers   'content-encoding': 'gzip' }
142 silly get cb [ 200,
142 silly get   { date: 'Wed, 04 Dec 2024 04:05:43 GMT',
142 silly get     'content-type': 'application/json',
142 silly get     'transfer-encoding': 'chunked',
142 silly get     connection: 'keep-alive',
142 silly get     'cf-ray': '8ec8eb752d55d691-IAD',
142 silly get     'cf-cache-status': 'HIT',
142 silly get     'access-control-allow-origin': '*',
142 silly get     age: '69',
142 silly get     'cache-control': 'public, max-age=300',
142 silly get     etag: 'W/"19ab37ad0b48b9164bcc3ca2e33db068"',
142 silly get     'last-modified': 'Mon, 21 Oct 2024 11:57:50 GMT',
142 silly get     vary: 'accept-encoding, accept',
142 silly get     server: 'cloudflare',
142 silly get     'content-encoding': 'gzip' } ]
143 verbose get saving redux-mock-store to /root/.npm/registry.npmjs.org/redux-mock-store/.cache.json
144 verbose makeDirectory /root/.npm creation already in flight; waiting
145 http 200 https://registry.npmjs.org/normalizr
146 verbose headers { date: 'Wed, 04 Dec 2024 04:05:43 GMT',
146 verbose headers   'content-type': 'application/json',
146 verbose headers   'transfer-encoding': 'chunked',
146 verbose headers   connection: 'keep-alive',
146 verbose headers   'cf-ray': '8ec8eb752e33f26e-IAD',
146 verbose headers   'cf-cache-status': 'HIT',
146 verbose headers   'access-control-allow-origin': '*',
146 verbose headers   age: '90',
146 verbose headers   'cache-control': 'public, max-age=300',
146 verbose headers   etag: 'W/"b832618032169ae34415189ffd61d79a"',
146 verbose headers   'last-modified': 'Mon, 06 May 2024 13:39:13 GMT',
146 verbose headers   vary: 'accept-encoding, accept',
146 verbose headers   server: 'cloudflare',
146 verbose headers   'content-encoding': 'gzip' }
147 silly get cb [ 200,
147 silly get   { date: 'Wed, 04 Dec 2024 04:05:43 GMT',
147 silly get     'content-type': 'application/json',
147 silly get     'transfer-encoding': 'chunked',
147 silly get     connection: 'keep-alive',
147 silly get     'cf-ray': '8ec8eb752e33f26e-IAD',
147 silly get     'cf-cache-status': 'HIT',
147 silly get     'access-control-allow-origin': '*',
147 silly get     age: '90',
147 silly get     'cache-control': 'public, max-age=300',
147 silly get     etag: 'W/"b832618032169ae34415189ffd61d79a"',
147 silly get     'last-modified': 'Mon, 06 May 2024 13:39:13 GMT',
147 silly get     vary: 'accept-encoding, accept',
147 silly get     server: 'cloudflare',
147 silly get     'content-encoding': 'gzip' } ]
148 verbose get saving normalizr to /root/.npm/registry.npmjs.org/normalizr/.cache.json
149 http 200 https://registry.npmjs.org/aphrodite
150 verbose headers { date: 'Wed, 04 Dec 2024 04:05:43 GMT',
150 verbose headers   'content-type': 'application/json',
150 verbose headers   'transfer-encoding': 'chunked',
150 verbose headers   connection: 'keep-alive',
150 verbose headers   'cf-ray': '8ec8eb749e8c3b72-IAD',
150 verbose headers   'cf-cache-status': 'HIT',
150 verbose headers   'access-control-allow-origin': '*',
150 verbose headers   'cache-control': 'public, max-age=300',
150 verbose headers   etag: 'W/"4dcd085bd6a6eef1d0423b1c5a8d8b8c"',
150 verbose headers   'last-modified': 'Mon, 13 Jun 2022 03:11:33 GMT',
150 verbose headers   vary: 'accept-encoding, accept',
150 verbose headers   server: 'cloudflare',
150 verbose headers   'content-encoding': 'gzip' }
151 silly get cb [ 200,
151 silly get   { date: 'Wed, 04 Dec 2024 04:05:43 GMT',
151 silly get     'content-type': 'application/json',
151 silly get     'transfer-encoding': 'chunked',
151 silly get     connection: 'keep-alive',
151 silly get     'cf-ray': '8ec8eb749e8c3b72-IAD',
151 silly get     'cf-cache-status': 'HIT',
151 silly get     'access-control-allow-origin': '*',
151 silly get     'cache-control': 'public, max-age=300',
151 silly get     etag: 'W/"4dcd085bd6a6eef1d0423b1c5a8d8b8c"',
151 silly get     'last-modified': 'Mon, 13 Jun 2022 03:11:33 GMT',
151 silly get     vary: 'accept-encoding, accept',
151 silly get     server: 'cloudflare',
151 silly get     'content-encoding': 'gzip' } ]
152 verbose get saving aphrodite to /root/.npm/registry.npmjs.org/aphrodite/.cache.json
153 http 200 https://registry.npmjs.org/redux-thunk
154 verbose headers { date: 'Wed, 04 Dec 2024 04:05:43 GMT',
154 verbose headers   'content-type': 'application/json',
154 verbose headers   'transfer-encoding': 'chunked',
154 verbose headers   connection: 'keep-alive',
154 verbose headers   'cf-ray': '8ec8eb752a7582ae-IAD',
154 verbose headers   'cf-cache-status': 'HIT',
154 verbose headers   'access-control-allow-origin': '*',
154 verbose headers   age: '273',
154 verbose headers   'cache-control': 'public, max-age=300',
154 verbose headers   etag: 'W/"84b26d41c20d5add03a52c3a3e51f832"',
154 verbose headers   'last-modified': 'Mon, 06 May 2024 13:38:46 GMT',
154 verbose headers   vary: 'accept-encoding, accept',
154 verbose headers   server: 'cloudflare',
154 verbose headers   'content-encoding': 'gzip' }
155 silly get cb [ 200,
155 silly get   { date: 'Wed, 04 Dec 2024 04:05:43 GMT',
155 silly get     'content-type': 'application/json',
155 silly get     'transfer-encoding': 'chunked',
155 silly get     connection: 'keep-alive',
155 silly get     'cf-ray': '8ec8eb752a7582ae-IAD',
155 silly get     'cf-cache-status': 'HIT',
155 silly get     'access-control-allow-origin': '*',
155 silly get     age: '273',
155 silly get     'cache-control': 'public, max-age=300',
155 silly get     etag: 'W/"84b26d41c20d5add03a52c3a3e51f832"',
155 silly get     'last-modified': 'Mon, 06 May 2024 13:38:46 GMT',
155 silly get     vary: 'accept-encoding, accept',
155 silly get     server: 'cloudflare',
155 silly get     'content-encoding': 'gzip' } ]
156 verbose get saving redux-thunk to /root/.npm/registry.npmjs.org/redux-thunk/.cache.json
157 silly resolveWithNewModule normalizr@3.6.2 checking installable status
158 silly cache add args [ 'normalizr@^3.6.2', null ]
159 verbose cache add spec normalizr@^3.6.2
160 silly cache add parsed spec Result {
160 silly cache add   raw: 'normalizr@^3.6.2',
160 silly cache add   scope: null,
160 silly cache add   name: 'normalizr',
160 silly cache add   rawSpec: '^3.6.2',
160 silly cache add   spec: '>=3.6.2 <4.0.0',
160 silly cache add   type: 'range' }
161 silly addNamed normalizr@>=3.6.2 <4.0.0
162 verbose addNamed ">=3.6.2 <4.0.0" is a valid semver range for normalizr
163 silly addNameRange { name: 'normalizr', range: '>=3.6.2 <4.0.0', hasData: false }
164 silly mapToRegistry name normalizr
165 silly mapToRegistry using default registry
166 silly mapToRegistry registry https://registry.npmjs.org/
167 silly mapToRegistry uri https://registry.npmjs.org/normalizr
168 verbose addNameRange registry:https://registry.npmjs.org/normalizr not in flight; fetching
169 silly resolveWithNewModule inline-source-map@0.6.3 checking installable status
170 silly cache add args [ 'inline-source-map@^0.6.2', null ]
171 verbose cache add spec inline-source-map@^0.6.2
172 silly cache add parsed spec Result {
172 silly cache add   raw: 'inline-source-map@^0.6.2',
172 silly cache add   scope: null,
172 silly cache add   name: 'inline-source-map',
172 silly cache add   rawSpec: '^0.6.2',
172 silly cache add   spec: '>=0.6.2 <0.7.0',
172 silly cache add   type: 'range' }
173 silly addNamed inline-source-map@>=0.6.2 <0.7.0
174 verbose addNamed ">=0.6.2 <0.7.0" is a valid semver range for inline-source-map
175 silly addNameRange { name: 'inline-source-map',
175 silly addNameRange   range: '>=0.6.2 <0.7.0',
175 silly addNameRange   hasData: false }
176 silly mapToRegistry name inline-source-map
177 silly mapToRegistry using default registry
178 silly mapToRegistry registry https://registry.npmjs.org/
179 silly mapToRegistry uri https://registry.npmjs.org/inline-source-map
180 verbose addNameRange registry:https://registry.npmjs.org/inline-source-map not in flight; fetching
181 silly resolveWithNewModule prop-types@15.8.1 checking installable status
182 silly cache add args [ 'prop-types@^15.8.1', null ]
183 verbose cache add spec prop-types@^15.8.1
184 silly cache add parsed spec Result {
184 silly cache add   raw: 'prop-types@^15.8.1',
184 silly cache add   scope: null,
184 silly cache add   name: 'prop-types',
184 silly cache add   rawSpec: '^15.8.1',
184 silly cache add   spec: '>=15.8.1 <16.0.0',
184 silly cache add   type: 'range' }
185 silly addNamed prop-types@>=15.8.1 <16.0.0
186 verbose addNamed ">=15.8.1 <16.0.0" is a valid semver range for prop-types
187 silly addNameRange { name: 'prop-types', range: '>=15.8.1 <16.0.0', hasData: false }
188 silly mapToRegistry name prop-types
189 silly mapToRegistry using default registry
190 silly mapToRegistry registry https://registry.npmjs.org/
191 silly mapToRegistry uri https://registry.npmjs.org/prop-types
192 verbose addNameRange registry:https://registry.npmjs.org/prop-types not in flight; fetching
193 silly resolveWithNewModule aphrodite@2.4.0 checking installable status
194 silly cache add args [ 'aphrodite@^2.4.0', null ]
195 verbose cache add spec aphrodite@^2.4.0
196 silly cache add parsed spec Result {
196 silly cache add   raw: 'aphrodite@^2.4.0',
196 silly cache add   scope: null,
196 silly cache add   name: 'aphrodite',
196 silly cache add   rawSpec: '^2.4.0',
196 silly cache add   spec: '>=2.4.0 <3.0.0',
196 silly cache add   type: 'range' }
197 silly addNamed aphrodite@>=2.4.0 <3.0.0
198 verbose addNamed ">=2.4.0 <3.0.0" is a valid semver range for aphrodite
199 silly addNameRange { name: 'aphrodite', range: '>=2.4.0 <3.0.0', hasData: false }
200 silly mapToRegistry name aphrodite
201 silly mapToRegistry using default registry
202 silly mapToRegistry registry https://registry.npmjs.org/
203 silly mapToRegistry uri https://registry.npmjs.org/aphrodite
204 verbose addNameRange registry:https://registry.npmjs.org/aphrodite not in flight; fetching
205 silly resolveWithNewModule redux-mock-store@1.5.5 checking installable status
206 silly cache add args [ 'redux-mock-store@^1.5.4', null ]
207 verbose cache add spec redux-mock-store@^1.5.4
208 silly cache add parsed spec Result {
208 silly cache add   raw: 'redux-mock-store@^1.5.4',
208 silly cache add   scope: null,
208 silly cache add   name: 'redux-mock-store',
208 silly cache add   rawSpec: '^1.5.4',
208 silly cache add   spec: '>=1.5.4 <2.0.0',
208 silly cache add   type: 'range' }
209 silly addNamed redux-mock-store@>=1.5.4 <2.0.0
210 verbose addNamed ">=1.5.4 <2.0.0" is a valid semver range for redux-mock-store
211 silly addNameRange { name: 'redux-mock-store',
211 silly addNameRange   range: '>=1.5.4 <2.0.0',
211 silly addNameRange   hasData: false }
212 silly mapToRegistry name redux-mock-store
213 silly mapToRegistry using default registry
214 silly mapToRegistry registry https://registry.npmjs.org/
215 silly mapToRegistry uri https://registry.npmjs.org/redux-mock-store
216 verbose addNameRange registry:https://registry.npmjs.org/redux-mock-store not in flight; fetching
217 verbose get https://registry.npmjs.org/normalizr not expired, no request
218 silly addNameRange number 2 { name: 'normalizr', range: '>=3.6.2 <4.0.0', hasData: true }
219 silly addNameRange versions [ 'normalizr',
219 silly addNameRange   [ '0.1.0',
219 silly addNameRange     '0.1.1',
219 silly addNameRange     '0.1.2',
219 silly addNameRange     '0.1.3',
219 silly addNameRange     '1.0.0',
219 silly addNameRange     '1.1.0',
219 silly addNameRange     '1.2.0',
219 silly addNameRange     '1.3.0',
219 silly addNameRange     '1.3.1',
219 silly addNameRange     '1.4.0',
219 silly addNameRange     '1.4.1',
219 silly addNameRange     '2.0.0',
219 silly addNameRange     '2.0.1',
219 silly addNameRange     '2.0.2',
219 silly addNameRange     '2.1.0',
219 silly addNameRange     '2.2.0',
219 silly addNameRange     '2.2.1',
219 silly addNameRange     '2.3.0',
219 silly addNameRange     '2.3.1',
219 silly addNameRange     '3.0.0-beta',
219 silly addNameRange     '3.0.0-beta.2',
219 silly addNameRange     '3.0.0',
219 silly addNameRange     '3.0.1',
219 silly addNameRange     '3.0.2',
219 silly addNameRange     '3.1.0',
219 silly addNameRange     '3.2.0',
219 silly addNameRange     '3.2.1',
219 silly addNameRange     '3.2.2',
219 silly addNameRange     '3.2.3',
219 silly addNameRange     '3.2.4',
219 silly addNameRange     '3.3.0',
219 silly addNameRange     '3.4.0',
219 silly addNameRange     '3.4.1',
219 silly addNameRange     '3.5.0',
219 silly addNameRange     '3.6.0',
219 silly addNameRange     '3.6.1',
219 silly addNameRange     '3.6.2' ] ]
220 silly addNamed normalizr@3.6.2
221 verbose addNamed "3.6.2" is a plain semver version for normalizr
222 verbose get https://registry.npmjs.org/inline-source-map not expired, no request
223 silly addNameRange number 2 { name: 'inline-source-map',
223 silly addNameRange   range: '>=0.6.2 <0.7.0',
223 silly addNameRange   hasData: true }
224 silly addNameRange versions [ 'inline-source-map',
224 silly addNameRange   [ '0.1.0',
224 silly addNameRange     '0.1.1',
224 silly addNameRange     '0.1.2',
224 silly addNameRange     '0.1.3',
224 silly addNameRange     '0.2.0',
224 silly addNameRange     '0.2.1',
224 silly addNameRange     '0.2.2',
224 silly addNameRange     '0.2.3',
224 silly addNameRange     '0.2.4',
224 silly addNameRange     '0.2.5',
224 silly addNameRange     '0.3.0',
224 silly addNameRange     '0.3.1',
224 silly addNameRange     '0.4.0',
224 silly addNameRange     '0.4.1',
224 silly addNameRange     '0.5.0',
224 silly addNameRange     '0.6.0',
224 silly addNameRange     '0.6.1',
224 silly addNameRange     '0.6.2',
224 silly addNameRange     '0.6.3' ] ]
225 silly addNamed inline-source-map@0.6.3
226 verbose addNamed "0.6.3" is a plain semver version for inline-source-map
227 verbose get https://registry.npmjs.org/prop-types not expired, no request
228 silly addNameRange number 2 { name: 'prop-types', range: '>=15.8.1 <16.0.0', hasData: true }
229 silly addNameRange versions [ 'prop-types',
229 silly addNameRange   [ '0.1.0',
229 silly addNameRange     '0.2.0',
229 silly addNameRange     '15.5.0-alpha.0',
229 silly addNameRange     '15.5.0',
229 silly addNameRange     '15.5.1',
229 silly addNameRange     '15.5.2',
229 silly addNameRange     '15.5.3',
229 silly addNameRange     '15.5.4',
229 silly addNameRange     '15.5.5',
229 silly addNameRange     '15.5.6',
229 silly addNameRange     '15.5.7-alpha',
229 silly addNameRange     '15.5.7-alpha.1',
229 silly addNameRange     '15.5.7',
229 silly addNameRange     '15.5.8',
229 silly addNameRange     '15.5.9',
229 silly addNameRange     '15.5.10',
229 silly addNameRange     '15.6.0',
229 silly addNameRange     '15.6.1',
229 silly addNameRange     '15.6.2',
229 silly addNameRange     '15.7.0',
229 silly addNameRange     '15.7.1',
229 silly addNameRange     '15.7.2',
229 silly addNameRange     '15.8.0',
229 silly addNameRange     '15.8.1' ] ]
230 silly addNamed prop-types@15.8.1
231 verbose addNamed "15.8.1" is a plain semver version for prop-types
232 silly resolveWithNewModule redux-thunk@2.4.2 checking installable status
233 silly cache add args [ 'redux-thunk@^2.4.1', null ]
234 verbose cache add spec redux-thunk@^2.4.1
235 silly cache add parsed spec Result {
235 silly cache add   raw: 'redux-thunk@^2.4.1',
235 silly cache add   scope: null,
235 silly cache add   name: 'redux-thunk',
235 silly cache add   rawSpec: '^2.4.1',
235 silly cache add   spec: '>=2.4.1 <3.0.0',
235 silly cache add   type: 'range' }
236 silly addNamed redux-thunk@>=2.4.1 <3.0.0
237 verbose addNamed ">=2.4.1 <3.0.0" is a valid semver range for redux-thunk
238 silly addNameRange { name: 'redux-thunk', range: '>=2.4.1 <3.0.0', hasData: false }
239 silly mapToRegistry name redux-thunk
240 silly mapToRegistry using default registry
241 silly mapToRegistry registry https://registry.npmjs.org/
242 silly mapToRegistry uri https://registry.npmjs.org/redux-thunk
243 verbose addNameRange registry:https://registry.npmjs.org/redux-thunk not in flight; fetching
244 silly mapToRegistry name normalizr
245 silly mapToRegistry using default registry
246 silly mapToRegistry registry https://registry.npmjs.org/
247 silly mapToRegistry uri https://registry.npmjs.org/normalizr
248 verbose addRemoteTarball https://registry.npmjs.org/normalizr/-/normalizr-3.6.2.tgz not in flight; adding
249 verbose addRemoteTarball [ 'https://registry.npmjs.org/normalizr/-/normalizr-3.6.2.tgz',
249 verbose addRemoteTarball   'ac1571207dc3008adb46e3f62311c17f11dcf083' ]
250 verbose get https://registry.npmjs.org/aphrodite not expired, no request
251 silly addNameRange number 2 { name: 'aphrodite', range: '>=2.4.0 <3.0.0', hasData: true }
252 silly addNameRange versions [ 'aphrodite',
252 silly addNameRange   [ '0.0.1',
252 silly addNameRange     '0.1.0',
252 silly addNameRange     '0.1.1',
252 silly addNameRange     '0.1.2',
252 silly addNameRange     '0.2.0',
252 silly addNameRange     '0.3.0',
252 silly addNameRange     '0.3.1',
252 silly addNameRange     '0.3.2',
252 silly addNameRange     '0.3.3',
252 silly addNameRange     '0.4.0',
252 silly addNameRange     '0.4.1',
252 silly addNameRange     '0.5.0',
252 silly addNameRange     '0.6.0',
252 silly addNameRange     '1.0.0',
252 silly addNameRange     '1.1.0',
252 silly addNameRange     '1.2.0',
252 silly addNameRange     '1.2.1',
252 silly addNameRange     '1.2.2',
252 silly addNameRange     '1.2.3',
252 silly addNameRange     '1.2.4',
252 silly addNameRange     '1.2.5',
252 silly addNameRange     '2.0.0',
252 silly addNameRange     '2.1.0',
252 silly addNameRange     '2.1.1',
252 silly addNameRange     '2.2.0',
252 silly addNameRange     '2.2.1',
252 silly addNameRange     '2.2.2',
252 silly addNameRange     '2.2.3',
252 silly addNameRange     '2.3.0',
252 silly addNameRange     '2.3.1',
252 silly addNameRange     '2.4.0' ] ]
253 silly addNamed aphrodite@2.4.0
254 verbose addNamed "2.4.0" is a plain semver version for aphrodite
255 silly mapToRegistry name inline-source-map
256 silly mapToRegistry using default registry
257 silly mapToRegistry registry https://registry.npmjs.org/
258 silly mapToRegistry uri https://registry.npmjs.org/inline-source-map
259 verbose addRemoteTarball https://registry.npmjs.org/inline-source-map/-/inline-source-map-0.6.3.tgz not in flight; adding
260 verbose addRemoteTarball [ 'https://registry.npmjs.org/inline-source-map/-/inline-source-map-0.6.3.tgz',
260 verbose addRemoteTarball   'db9d553037fa74bf95dfbff186375fcf5c563cdd' ]
261 silly mapToRegistry name prop-types
262 silly mapToRegistry using default registry
263 silly mapToRegistry registry https://registry.npmjs.org/
264 silly mapToRegistry uri https://registry.npmjs.org/prop-types
265 verbose addRemoteTarball https://registry.npmjs.org/prop-types/-/prop-types-15.8.1.tgz not in flight; adding
266 verbose addRemoteTarball [ 'https://registry.npmjs.org/prop-types/-/prop-types-15.8.1.tgz',
266 verbose addRemoteTarball   '67d87bf1a694f48435cf332c24af10214a3140b5' ]
267 silly mapToRegistry name aphrodite
268 silly mapToRegistry using default registry
269 silly mapToRegistry registry https://registry.npmjs.org/
270 silly mapToRegistry uri https://registry.npmjs.org/aphrodite
271 verbose addRemoteTarball https://registry.npmjs.org/aphrodite/-/aphrodite-2.4.0.tgz not in flight; adding
272 verbose addRemoteTarball [ 'https://registry.npmjs.org/aphrodite/-/aphrodite-2.4.0.tgz',
272 verbose addRemoteTarball   'ec1a2afa41ba7310a47a4f1fba27919d99572c91' ]
273 verbose get https://registry.npmjs.org/redux-mock-store not expired, no request
274 silly addNameRange number 2 { name: 'redux-mock-store',
274 silly addNameRange   range: '>=1.5.4 <2.0.0',
274 silly addNameRange   hasData: true }
275 silly addNameRange versions [ 'redux-mock-store',
275 silly addNameRange   [ '0.0.1',
275 silly addNameRange     '0.0.2',
275 silly addNameRange     '0.0.3',
275 silly addNameRange     '0.0.4',
275 silly addNameRange     '0.0.5',
275 silly addNameRange     '0.0.6',
275 silly addNameRange     '1.0.0',
275 silly addNameRange     '1.0.1',
275 silly addNameRange     '1.0.2',
275 silly addNameRange     '1.0.3',
275 silly addNameRange     '1.0.4',
275 silly addNameRange     '1.1.0',
275 silly addNameRange     '1.1.1',
275 silly addNameRange     '1.1.2',
275 silly addNameRange     '1.1.3',
275 silly addNameRange     '1.1.4',
275 silly addNameRange     '1.2.0',
275 silly addNameRange     '1.2.1',
275 silly addNameRange     '1.2.2',
275 silly addNameRange     '1.2.3',
275 silly addNameRange     '1.3.0',
275 silly addNameRange     '1.4.0',
275 silly addNameRange     '1.5.0',
275 silly addNameRange     '1.5.1',
275 silly addNameRange     '1.5.3',
275 silly addNameRange     '1.5.4',
275 silly addNameRange     '1.5.5' ] ]
276 silly addNamed redux-mock-store@1.5.5
277 verbose addNamed "1.5.5" is a plain semver version for redux-mock-store
278 silly mapToRegistry name redux-mock-store
279 silly mapToRegistry using default registry
280 silly mapToRegistry registry https://registry.npmjs.org/
281 silly mapToRegistry uri https://registry.npmjs.org/redux-mock-store
282 verbose addRemoteTarball https://registry.npmjs.org/redux-mock-store/-/redux-mock-store-1.5.5.tgz not in flight; adding
283 verbose addRemoteTarball [ 'https://registry.npmjs.org/redux-mock-store/-/redux-mock-store-1.5.5.tgz',
283 verbose addRemoteTarball   'ec3676663c081c4ca5a6a14f1ac193b56c3220eb' ]
284 verbose get https://registry.npmjs.org/redux-thunk not expired, no request
285 silly addNameRange number 2 { name: 'redux-thunk', range: '>=2.4.1 <3.0.0', hasData: true }
286 silly addNameRange versions [ 'redux-thunk',
286 silly addNameRange   [ '0.1.0',
286 silly addNameRange     '1.0.0',
286 silly addNameRange     '1.0.1',
286 silly addNameRange     '1.0.2',
286 silly addNameRange     '1.0.3',
286 silly addNameRange     '2.0.1',
286 silly addNameRange     '2.1.0',
286 silly addNameRange     '2.1.1',
286 silly addNameRange     '2.1.2',
286 silly addNameRange     '2.2.0',
286 silly addNameRange     '2.3.0',
286 silly addNameRange     '2.4.0',
286 silly addNameRange     '2.4.1',
286 silly addNameRange     '2.4.2',
286 silly addNameRange     '3.0.0-alpha.0',
286 silly addNameRange     '3.0.0-alpha.1',
286 silly addNameRange     '3.0.0-alpha.2',
286 silly addNameRange     '3.0.0-alpha.3',
286 silly addNameRange     '3.0.0-beta.0',
286 silly addNameRange     '3.0.0-rc.0',
286 silly addNameRange     '3.0.0',
286 silly addNameRange     '3.0.1',
286 silly addNameRange     '3.1.0' ] ]
287 silly addNamed redux-thunk@2.4.2
288 verbose addNamed "2.4.2" is a plain semver version for redux-thunk
289 silly mapToRegistry name redux-thunk
290 silly mapToRegistry using default registry
291 silly mapToRegistry registry https://registry.npmjs.org/
292 silly mapToRegistry uri https://registry.npmjs.org/redux-thunk
293 verbose addRemoteTarball https://registry.npmjs.org/redux-thunk/-/redux-thunk-2.4.2.tgz not in flight; adding
294 verbose addRemoteTarball [ 'https://registry.npmjs.org/redux-thunk/-/redux-thunk-2.4.2.tgz',
294 verbose addRemoteTarball   'b9d05d11994b99f7a91ea223e8b04cf0afa5ef3b' ]
295 info retry fetch attempt 1 at 4:05:46 AM
296 info attempt registry request try #1 at 4:05:46 AM
297 http fetch GET https://registry.npmjs.org/aphrodite/-/aphrodite-2.4.0.tgz
298 info retry fetch attempt 1 at 4:05:46 AM
299 info attempt registry request try #1 at 4:05:46 AM
300 http fetch GET https://registry.npmjs.org/redux-mock-store/-/redux-mock-store-1.5.5.tgz
301 info retry fetch attempt 1 at 4:05:46 AM
302 info attempt registry request try #1 at 4:05:46 AM
303 http fetch GET https://registry.npmjs.org/normalizr/-/normalizr-3.6.2.tgz
304 info retry fetch attempt 1 at 4:05:46 AM
305 info attempt registry request try #1 at 4:05:46 AM
306 http fetch GET https://registry.npmjs.org/redux-thunk/-/redux-thunk-2.4.2.tgz
307 info retry fetch attempt 1 at 4:05:46 AM
308 info attempt registry request try #1 at 4:05:46 AM
309 http fetch GET https://registry.npmjs.org/inline-source-map/-/inline-source-map-0.6.3.tgz
310 info retry fetch attempt 1 at 4:05:46 AM
311 info attempt registry request try #1 at 4:05:46 AM
312 http fetch GET https://registry.npmjs.org/prop-types/-/prop-types-15.8.1.tgz
313 http fetch 200 https://registry.npmjs.org/aphrodite/-/aphrodite-2.4.0.tgz
314 http fetch 200 https://registry.npmjs.org/redux-mock-store/-/redux-mock-store-1.5.5.tgz
315 http fetch 200 https://registry.npmjs.org/normalizr/-/normalizr-3.6.2.tgz
316 http 200 https://registry.npmjs.org/redux
317 verbose headers { date: 'Wed, 04 Dec 2024 04:05:43 GMT',
317 verbose headers   'content-type': 'application/json',
317 verbose headers   'transfer-encoding': 'chunked',
317 verbose headers   connection: 'keep-alive',
317 verbose headers   'cf-ray': '8ec8eb749de8d693-IAD',
317 verbose headers   'cf-cache-status': 'HIT',
317 verbose headers   'access-control-allow-origin': '*',
317 verbose headers   age: '292',
317 verbose headers   'cache-control': 'public, max-age=300',
317 verbose headers   etag: 'W/"e98ea54b7817597dbe948bbc1aa31dbb"',
317 verbose headers   'last-modified': 'Mon, 06 May 2024 13:38:59 GMT',
317 verbose headers   vary: 'accept-encoding, accept',
317 verbose headers   server: 'cloudflare',
317 verbose headers   'content-encoding': 'gzip' }
318 silly get cb [ 200,
318 silly get   { date: 'Wed, 04 Dec 2024 04:05:43 GMT',
318 silly get     'content-type': 'application/json',
318 silly get     'transfer-encoding': 'chunked',
318 silly get     connection: 'keep-alive',
318 silly get     'cf-ray': '8ec8eb749de8d693-IAD',
318 silly get     'cf-cache-status': 'HIT',
318 silly get     'access-control-allow-origin': '*',
318 silly get     age: '292',
318 silly get     'cache-control': 'public, max-age=300',
318 silly get     etag: 'W/"e98ea54b7817597dbe948bbc1aa31dbb"',
318 silly get     'last-modified': 'Mon, 06 May 2024 13:38:59 GMT',
318 silly get     vary: 'accept-encoding, accept',
318 silly get     server: 'cloudflare',
318 silly get     'content-encoding': 'gzip' } ]
319 verbose get saving redux to /root/.npm/registry.npmjs.org/redux/.cache.json
320 http fetch 200 https://registry.npmjs.org/redux-thunk/-/redux-thunk-2.4.2.tgz
321 http fetch 200 https://registry.npmjs.org/prop-types/-/prop-types-15.8.1.tgz
322 http fetch 200 https://registry.npmjs.org/inline-source-map/-/inline-source-map-0.6.3.tgz
323 silly fetchAndShaCheck shasum ec3676663c081c4ca5a6a14f1ac193b56c3220eb
324 silly fetchAndShaCheck shasum ac1571207dc3008adb46e3f62311c17f11dcf083
325 silly fetchAndShaCheck shasum b9d05d11994b99f7a91ea223e8b04cf0afa5ef3b
326 silly fetchAndShaCheck shasum db9d553037fa74bf95dfbff186375fcf5c563cdd
327 verbose addTmpTarball /tmp/npm-8524-0332dd4d/registry.npmjs.org/redux-mock-store/-/redux-mock-store-1.5.5.tgz not in flight; adding
328 verbose addTmpTarball already have metadata; skipping unpack for redux-mock-store@1.5.5
329 verbose addTmpTarball /tmp/npm-8524-0332dd4d/registry.npmjs.org/normalizr/-/normalizr-3.6.2.tgz not in flight; adding
330 verbose addTmpTarball already have metadata; skipping unpack for normalizr@3.6.2
331 silly fetchAndShaCheck shasum 67d87bf1a694f48435cf332c24af10214a3140b5
332 verbose addTmpTarball /tmp/npm-8524-0332dd4d/registry.npmjs.org/redux-thunk/-/redux-thunk-2.4.2.tgz not in flight; adding
333 verbose addTmpTarball already have metadata; skipping unpack for redux-thunk@2.4.2
334 verbose addTmpTarball /tmp/npm-8524-0332dd4d/registry.npmjs.org/inline-source-map/-/inline-source-map-0.6.3.tgz not in flight; adding
335 verbose addTmpTarball already have metadata; skipping unpack for inline-source-map@0.6.3
336 silly resolveWithNewModule redux@4.2.1 checking installable status
337 silly cache add args [ 'redux@^4.2.0', null ]
338 verbose cache add spec redux@^4.2.0
339 silly cache add parsed spec Result {
339 silly cache add   raw: 'redux@^4.2.0',
339 silly cache add   scope: null,
339 silly cache add   name: 'redux',
339 silly cache add   rawSpec: '^4.2.0',
339 silly cache add   spec: '>=4.2.0 <5.0.0',
339 silly cache add   type: 'range' }
340 silly addNamed redux@>=4.2.0 <5.0.0
341 verbose addNamed ">=4.2.0 <5.0.0" is a valid semver range for redux
342 silly addNameRange { name: 'redux', range: '>=4.2.0 <5.0.0', hasData: false }
343 silly mapToRegistry name redux
344 silly mapToRegistry using default registry
345 silly mapToRegistry registry https://registry.npmjs.org/
346 silly mapToRegistry uri https://registry.npmjs.org/redux
347 verbose addNameRange registry:https://registry.npmjs.org/redux not in flight; fetching
348 http 200 https://registry.npmjs.org/fetch-mock
349 verbose headers { date: 'Wed, 04 Dec 2024 04:05:43 GMT',
349 verbose headers   'content-type': 'application/json',
349 verbose headers   'transfer-encoding': 'chunked',
349 verbose headers   connection: 'keep-alive',
349 verbose headers   'cf-ray': '8ec8eb752df482da-IAD',
349 verbose headers   'cf-cache-status': 'HIT',
349 verbose headers   'access-control-allow-origin': '*',
349 verbose headers   age: '44',
349 verbose headers   'cache-control': 'public, max-age=300',
349 verbose headers   etag: 'W/"31e05335533142cb209cd1015db15d0e"',
349 verbose headers   'last-modified': 'Fri, 15 Nov 2024 19:29:53 GMT',
349 verbose headers   vary: 'accept-encoding, accept',
349 verbose headers   server: 'cloudflare',
349 verbose headers   'content-encoding': 'gzip' }
350 silly get cb [ 200,
350 silly get   { date: 'Wed, 04 Dec 2024 04:05:43 GMT',
350 silly get     'content-type': 'application/json',
350 silly get     'transfer-encoding': 'chunked',
350 silly get     connection: 'keep-alive',
350 silly get     'cf-ray': '8ec8eb752df482da-IAD',
350 silly get     'cf-cache-status': 'HIT',
350 silly get     'access-control-allow-origin': '*',
350 silly get     age: '44',
350 silly get     'cache-control': 'public, max-age=300',
350 silly get     etag: 'W/"31e05335533142cb209cd1015db15d0e"',
350 silly get     'last-modified': 'Fri, 15 Nov 2024 19:29:53 GMT',
350 silly get     vary: 'accept-encoding, accept',
350 silly get     server: 'cloudflare',
350 silly get     'content-encoding': 'gzip' } ]
351 verbose get saving fetch-mock to /root/.npm/registry.npmjs.org/fetch-mock/.cache.json
352 verbose addTmpTarball /tmp/npm-8524-0332dd4d/registry.npmjs.org/prop-types/-/prop-types-15.8.1.tgz not in flight; adding
353 verbose addTmpTarball already have metadata; skipping unpack for prop-types@15.8.1
354 verbose get https://registry.npmjs.org/redux not expired, no request
355 silly addNameRange number 2 { name: 'redux', range: '>=4.2.0 <5.0.0', hasData: true }
356 silly addNameRange versions [ 'redux',
356 silly addNameRange   [ '0.0.1',
356 silly addNameRange     '0.0.2',
356 silly addNameRange     '0.0.3',
356 silly addNameRange     '0.0.4',
356 silly addNameRange     '0.1.0',
356 silly addNameRange     '0.2.0',
356 silly addNameRange     '0.2.1',
356 silly addNameRange     '0.2.2',
356 silly addNameRange     '0.3.0',
356 silly addNameRange     '0.3.1',
356 silly addNameRange     '0.4.0',
356 silly addNameRange     '0.5.0',
356 silly addNameRange     '0.5.1',
356 silly addNameRange     '0.6.0',
356 silly addNameRange     '0.6.1',
356 silly addNameRange     '0.6.2',
356 silly addNameRange     '0.7.0',
356 silly addNameRange     '0.8.0',
356 silly addNameRange     '0.8.1',
356 silly addNameRange     '0.9.0',
356 silly addNameRange     '0.10.0',
356 silly addNameRange     '0.10.1',
356 silly addNameRange     '0.11.0',
356 silly addNameRange     '0.11.1',
356 silly addNameRange     '0.12.0',
356 silly addNameRange     '1.0.0-alpha',
356 silly addNameRange     '1.0.0-rc',
356 silly addNameRange     '1.0.0',
356 silly addNameRange     '1.0.1',
356 silly addNameRange     '2.0.0',
356 silly addNameRange     '3.0.0',
356 silly addNameRange     '3.0.1',
356 silly addNameRange     '3.0.2',
356 silly addNameRange     '3.0.3',
356 silly addNameRange     '3.0.4',
356 silly addNameRange     '3.0.5',
356 silly addNameRange     '3.0.6',
356 silly addNameRange     '3.1.0',
356 silly addNameRange     '3.1.1',
356 silly addNameRange     '3.1.2',
356 silly addNameRange     '3.1.3',
356 silly addNameRange     '3.1.4',
356 silly addNameRange     '3.1.5',
356 silly addNameRange     '3.1.6',
356 silly addNameRange     '3.1.7',
356 silly addNameRange     '3.2.0',
356 silly addNameRange     '3.2.1',
356 silly addNameRange     '3.3.0',
356 silly addNameRange     '3.3.1',
356 silly addNameRange     '3.4.0',
356 silly addNameRange     '3.5.0',
356 silly addNameRange     '3.5.1',
356 silly addNameRange     '3.5.2',
356 silly addNameRange     '3.6.0',
356 silly addNameRange     '3.7.0',
356 silly addNameRange     '3.7.1',
356 silly addNameRange     '3.7.2',
356 silly addNameRange     '4.0.0-beta.1',
356 silly addNameRange     '4.0.0-beta.2',
356 silly addNameRange     '4.0.0-rc.1',
356 silly addNameRange     '4.0.0',
356 silly addNameRange     '4.0.1',
356 silly addNameRange     '4.0.2',
356 silly addNameRange     '4.0.3',
356 silly addNameRange     '4.0.4',
356 silly addNameRange     '4.0.5',
356 silly addNameRange     '4.1.0-alpha.0',
356 silly addNameRange     '4.1.0',
356 silly addNameRange     '4.1.1',
356 silly addNameRange     '4.1.2',
356 silly addNameRange     '4.2.0-alpha.0',
356 silly addNameRange     '5.0.0-alpha.0',
356 silly addNameRange     '4.2.0',
356 silly addNameRange     '4.2.1',
356 silly addNameRange     '5.0.0-alpha.1',
356 silly addNameRange     '5.0.0-alpha.2',
356 silly addNameRange     '5.0.0-alpha.3',
356 silly addNameRange     '5.0.0-alpha.4',
356 silly addNameRange     '5.0.0-alpha.5',
356 silly addNameRange     '5.0.0-alpha.6',
356 silly addNameRange     '5.0.0-beta.0',
356 silly addNameRange     '5.0.0-rc.0',
356 silly addNameRange     '5.0.0-rc.1',
356 silly addNameRange     '5.0.0',
356 silly addNameRange     '5.0.1' ] ]
357 silly addNamed redux@4.2.1
358 verbose addNamed "4.2.1" is a plain semver version for redux
359 silly cache afterAdd redux-mock-store@1.5.5
360 verbose afterAdd /root/.npm/redux-mock-store/1.5.5/package/package.json not in flight; writing
361 silly mapToRegistry name redux
362 silly mapToRegistry using default registry
363 silly mapToRegistry registry https://registry.npmjs.org/
364 silly mapToRegistry uri https://registry.npmjs.org/redux
365 verbose addRemoteTarball https://registry.npmjs.org/redux/-/redux-4.2.1.tgz not in flight; adding
366 verbose addRemoteTarball [ 'https://registry.npmjs.org/redux/-/redux-4.2.1.tgz',
366 verbose addRemoteTarball   'c08f4306826c49b5e9dc901dee0452ea8fce6197' ]
367 silly cache afterAdd normalizr@3.6.2
368 verbose afterAdd /root/.npm/normalizr/3.6.2/package/package.json not in flight; writing
369 silly cache afterAdd inline-source-map@0.6.3
370 verbose afterAdd /root/.npm/inline-source-map/0.6.3/package/package.json not in flight; writing
371 silly cache afterAdd redux-thunk@2.4.2
372 verbose afterAdd /root/.npm/redux-thunk/2.4.2/package/package.json not in flight; writing
373 info retry fetch attempt 1 at 4:05:47 AM
374 info attempt registry request try #1 at 4:05:47 AM
375 http fetch GET https://registry.npmjs.org/redux/-/redux-4.2.1.tgz
376 silly resolveWithNewModule fetch-mock@9.11.0 checking installable status
377 silly cache add args [ 'fetch-mock@^9.11.0', null ]
378 verbose cache add spec fetch-mock@^9.11.0
379 silly cache add parsed spec Result {
379 silly cache add   raw: 'fetch-mock@^9.11.0',
379 silly cache add   scope: null,
379 silly cache add   name: 'fetch-mock',
379 silly cache add   rawSpec: '^9.11.0',
379 silly cache add   spec: '>=9.11.0 <10.0.0',
379 silly cache add   type: 'range' }
380 silly addNamed fetch-mock@>=9.11.0 <10.0.0
381 verbose addNamed ">=9.11.0 <10.0.0" is a valid semver range for fetch-mock
382 silly addNameRange { name: 'fetch-mock', range: '>=9.11.0 <10.0.0', hasData: false }
383 silly mapToRegistry name fetch-mock
384 silly mapToRegistry using default registry
385 silly mapToRegistry registry https://registry.npmjs.org/
386 silly mapToRegistry uri https://registry.npmjs.org/fetch-mock
387 verbose addNameRange registry:https://registry.npmjs.org/fetch-mock not in flight; fetching
388 verbose afterAdd /root/.npm/redux-mock-store/1.5.5/package/package.json written
389 verbose afterAdd /root/.npm/normalizr/3.6.2/package/package.json written
390 http fetch 200 https://registry.npmjs.org/redux/-/redux-4.2.1.tgz
391 silly fetchAndShaCheck shasum ec1a2afa41ba7310a47a4f1fba27919d99572c91
392 silly cache afterAdd prop-types@15.8.1
393 verbose afterAdd /root/.npm/prop-types/15.8.1/package/package.json not in flight; writing
394 verbose afterAdd /root/.npm/inline-source-map/0.6.3/package/package.json written
395 verbose afterAdd /root/.npm/redux-thunk/2.4.2/package/package.json written
396 verbose get https://registry.npmjs.org/fetch-mock not expired, no request
397 silly addNameRange number 2 { name: 'fetch-mock', range: '>=9.11.0 <10.0.0', hasData: true }
398 silly addNameRange versions [ 'fetch-mock',
398 silly addNameRange   [ '1.0.0',
398 silly addNameRange     '1.0.1',
398 silly addNameRange     '1.1.0',
398 silly addNameRange     '1.1.1',
398 silly addNameRange     '1.1.2',
398 silly addNameRange     '1.1.3',
398 silly addNameRange     '1.2.0',
398 silly addNameRange     '1.3.0',
398 silly addNameRange     '1.4.0',
398 silly addNameRange     '1.4.1',
398 silly addNameRange     '1.5.0',
398 silly addNameRange     '1.5.2',
398 silly addNameRange     '2.0.1',
398 silly addNameRange     '2.1.0',
398 silly addNameRange     '2.2.0',
398 silly addNameRange     '2.2.1',
398 silly addNameRange     '2.2.3',
398 silly addNameRange     '2.2.6',
398 silly addNameRange     '2.2.7',
398 silly addNameRange     '2.2.8',
398 silly addNameRange     '2.2.9',
398 silly addNameRange     '2.2.10',
398 silly addNameRange     '2.2.11',
398 silly addNameRange     '2.2.12',
398 silly addNameRange     '2.2.13',
398 silly addNameRange     '2.2.14',
398 silly addNameRange     '2.2.15',
398 silly addNameRange     '2.3.0',
398 silly addNameRange     '2.3.1',
398 silly addNameRange     '2.4.0',
398 silly addNameRange     '3.0.0',
398 silly addNameRange     '3.0.1',
398 silly addNameRange     '3.0.2',
398 silly addNameRange     '3.0.3',
398 silly addNameRange     '3.0.4',
398 silly addNameRange     '3.1.0',
398 silly addNameRange     '3.1.1',
398 silly addNameRange     '3.1.2',
398 silly addNameRange     '3.1.3',
398 silly addNameRange     '3.2.0',
398 silly addNameRange     '3.2.1',
398 silly addNameRange     '4.0.0',
398 silly addNameRange     '4.0.1',
398 silly addNameRange     '4.1.0',
398 silly addNameRange     '4.1.1',
398 silly addNameRange     '4.2.0',
398 silly addNameRange     '4.3.0',
398 silly addNameRange     '4.3.1',
398 silly addNameRange     '4.4.0',
398 silly addNameRange     '4.5.0',
398 silly addNameRange     '4.5.1',
398 silly addNameRange     '4.5.2',
398 silly addNameRange     '4.5.3',
398 silly addNameRange     '4.5.4',
398 silly addNameRange     '4.6.0',
398 silly addNameRange     '4.6.1',
398 silly addNameRange     '5.0.0',
398 silly addNameRange     '5.0.1',
398 silly addNameRange     '5.0.2',
398 silly addNameRange     '5.0.3',
398 silly addNameRange     '5.0.4',
398 silly addNameRange     '5.0.5',
398 silly addNameRange     '5.1.0',
398 silly addNameRange     '5.1.1',
398 silly addNameRange     '5.1.2',
398 silly addNameRange     '5.1.3',
398 silly addNameRange     '5.1.4',
398 silly addNameRange     '5.1.5',
398 silly addNameRange     '5.2.0',
398 silly addNameRange     '5.3.0',
398 silly addNameRange     '5.3.1',
398 silly addNameRange     '5.4.0',
398 silly addNameRange     '5.5.0',
398 silly addNameRange     '5.6.0',
398 silly addNameRange     '5.6.1',
398 silly addNameRange     '5.6.2',
398 silly addNameRange     '5.7.0',
398 silly addNameRange     '5.8.0',
398 silly addNameRange     '5.8.1',
398 silly addNameRange     '5.9.0',
398 silly addNameRange     '5.9.1',
398 silly addNameRange     '5.9.2',
398 silly addNameRange     '5.9.3',
398 silly addNameRange     '5.9.4',
398 silly addNameRange     '5.10.0',
398 silly addNameRange     '5.10.1',
398 silly addNameRange     '5.11.0',
398 silly addNameRange     '5.11.1',
398 silly addNameRange     '5.11.2',
398 silly addNameRange     '5.12.0',
398 silly addNameRange     '5.12.1',
398 silly addNameRange     '5.12.2',
398 silly addNameRange     '5.13.0',
398 silly addNameRange     '5.13.1',
398 silly addNameRange     '6.0.0-beta.2',
398 silly addNameRange     '6.0.0-beta.3',
398 silly addNameRange     '6.0.0-beta.4',
398 silly addNameRange     '6.0.0-beta.5',
398 silly addNameRange     '6.0.0-beta.6',
398 silly addNameRange     '6.0.0-beta.7',
398 silly addNameRange     ... 131 more items ] ]
399 silly addNamed fetch-mock@9.11.0
400 verbose addNamed "9.11.0" is a plain semver version for fetch-mock
401 silly mapToRegistry name fetch-mock
402 silly mapToRegistry using default registry
403 silly mapToRegistry registry https://registry.npmjs.org/
404 silly mapToRegistry uri https://registry.npmjs.org/fetch-mock
405 verbose addRemoteTarball https://registry.npmjs.org/fetch-mock/-/fetch-mock-9.11.0.tgz not in flight; adding
406 verbose addRemoteTarball [ 'https://registry.npmjs.org/fetch-mock/-/fetch-mock-9.11.0.tgz',
406 verbose addRemoteTarball   '371c6fb7d45584d2ae4a18ee6824e7ad4b637a3f' ]
407 http 200 https://registry.npmjs.org/node-fetch
408 verbose headers { date: 'Wed, 04 Dec 2024 04:05:43 GMT',
408 verbose headers   'content-type': 'application/json',
408 verbose headers   'transfer-encoding': 'chunked',
408 verbose headers   connection: 'keep-alive',
408 verbose headers   'cf-ray': '8ec8eb75de57e5c3-IAD',
408 verbose headers   'cf-cache-status': 'HIT',
408 verbose headers   'access-control-allow-origin': '*',
408 verbose headers   age: '264',
408 verbose headers   'cache-control': 'public, max-age=300',
408 verbose headers   etag: 'W/"5f1d959e91bdfaaef25267351903414b"',
408 verbose headers   'last-modified': 'Thu, 30 Nov 2023 14:10:14 GMT',
408 verbose headers   vary: 'accept-encoding, accept',
408 verbose headers   server: 'cloudflare',
408 verbose headers   'content-encoding': 'gzip' }
409 silly get cb [ 200,
409 silly get   { date: 'Wed, 04 Dec 2024 04:05:43 GMT',
409 silly get     'content-type': 'application/json',
409 silly get     'transfer-encoding': 'chunked',
409 silly get     connection: 'keep-alive',
409 silly get     'cf-ray': '8ec8eb75de57e5c3-IAD',
409 silly get     'cf-cache-status': 'HIT',
409 silly get     'access-control-allow-origin': '*',
409 silly get     age: '264',
409 silly get     'cache-control': 'public, max-age=300',
409 silly get     etag: 'W/"5f1d959e91bdfaaef25267351903414b"',
409 silly get     'last-modified': 'Thu, 30 Nov 2023 14:10:14 GMT',
409 silly get     vary: 'accept-encoding, accept',
409 silly get     server: 'cloudflare',
409 silly get     'content-encoding': 'gzip' } ]
410 verbose get saving node-fetch to /root/.npm/registry.npmjs.org/node-fetch/.cache.json
411 verbose afterAdd /root/.npm/prop-types/15.8.1/package/package.json written
412 silly fetchAndShaCheck shasum c08f4306826c49b5e9dc901dee0452ea8fce6197
413 verbose addTmpTarball /tmp/npm-8524-0332dd4d/registry.npmjs.org/aphrodite/-/aphrodite-2.4.0.tgz not in flight; adding
414 verbose addTmpTarball already have metadata; skipping unpack for aphrodite@2.4.0
415 info retry fetch attempt 1 at 4:05:49 AM
416 info attempt registry request try #1 at 4:05:49 AM
417 http fetch GET https://registry.npmjs.org/fetch-mock/-/fetch-mock-9.11.0.tgz
418 verbose addTmpTarball /tmp/npm-8524-0332dd4d/registry.npmjs.org/redux/-/redux-4.2.1.tgz not in flight; adding
419 verbose addTmpTarball already have metadata; skipping unpack for redux@4.2.1
420 verbose stack Error: Missing required argument #1
420 verbose stack     at andLogAndFinish (/usr/share/npm/lib/fetch-package-metadata.js:31:3)
420 verbose stack     at fetchPackageMetadata (/usr/share/npm/lib/fetch-package-metadata.js:51:22)
420 verbose stack     at resolveWithNewModule (/usr/share/npm/lib/install/deps.js:456:12)
420 verbose stack     at /usr/share/npm/lib/install/deps.js:457:7
420 verbose stack     at /usr/share/npm/node_modules/iferr/index.js:13:50
420 verbose stack     at /usr/share/npm/lib/fetch-package-metadata.js:37:12
420 verbose stack     at addRequestedAndFinish (/usr/share/npm/lib/fetch-package-metadata.js:82:5)
420 verbose stack     at returnAndAddMetadata (/usr/share/npm/lib/fetch-package-metadata.js:117:7)
420 verbose stack     at pickVersionFromRegistryDocument (/usr/share/npm/lib/fetch-package-metadata.js:134:20)
420 verbose stack     at /usr/share/npm/node_modules/iferr/index.js:13:50
421 verbose cwd /root/alx-react/0x07-react_redux_action_creator_normalizr/task_7/dashboard
422 error Linux 5.3.0-1032-aws
423 error argv "/usr/bin/node" "/usr/bin/npm" "install"
424 error node v8.10.0
425 error npm  v3.5.2
426 error code EMISSINGARG
427 error typeerror Error: Missing required argument #1
427 error typeerror     at andLogAndFinish (/usr/share/npm/lib/fetch-package-metadata.js:31:3)
427 error typeerror     at fetchPackageMetadata (/usr/share/npm/lib/fetch-package-metadata.js:51:22)
427 error typeerror     at resolveWithNewModule (/usr/share/npm/lib/install/deps.js:456:12)
427 error typeerror     at /usr/share/npm/lib/install/deps.js:457:7
427 error typeerror     at /usr/share/npm/node_modules/iferr/index.js:13:50
427 error typeerror     at /usr/share/npm/lib/fetch-package-metadata.js:37:12
427 error typeerror     at addRequestedAndFinish (/usr/share/npm/lib/fetch-package-metadata.js:82:5)
427 error typeerror     at returnAndAddMetadata (/usr/share/npm/lib/fetch-package-metadata.js:117:7)
427 error typeerror     at pickVersionFromRegistryDocument (/usr/share/npm/lib/fetch-package-metadata.js:134:20)
427 error typeerror     at /usr/share/npm/node_modules/iferr/index.js:13:50
428 error typeerror This is an error with npm itself. Please report this error at:
428 error typeerror     <http://github.com/npm/npm/issues>
429 verbose exit [ 1, true ]
